[  0%] NZ_PGTY01000002.1	808.2 Mbp	Yoonia maricola
[  0%] NZ_FOZM01000003.1	459.6 Mbp	Yoonia litorea
<W> Nioella nitratireducens
<W> Octadecabacter antarcticus
[  1%]    CYPW01000001.1	206.4 Mbp	Shimia marina
[  1%] NZ_FOSZ01000016.1	  8.5 Mbp	Shimia haliotis
<W> Pseudopelagicola gijangensis
<W> Thalassobius aestuarii
[  2%] NZ_OMOI01000001.1	2500.8 Mbp	Aliiroseovarius pelagivivens
[  2%] NZ_FNPR01000021.1	  1.1 Mbp	Lentibacter algarum
<W> Pseudaestuariivita atlantica
[  3%] NZ_OMOR01000002.1	138.6 Mbp	Ascidiaceihabitans donghaensis
[  3%] NZ_FXXQ01000064.1	  0.9 Mbp	Boseongicola aestuarii 
[  4%] NZ_FQXB01000011.1	  2.4 Mbp	Cognatiyoonia sediminum
<W> Roseobacter litoralis
[  4%] NZ_FSRP01000001.1	2140.9 Mbp	Octadecabacter temperatus
[  4%] NZ_FWFT01000010.1	  5.5 Mbp	Pseudooctadecabacter jejudonensis
[  5%] NZ_FTNV01000008.1	 16.7 Mbp	Roseovarius nanhaiticus
[  5%] NZ_FWFL01000032.1	  1.2 Mbp	Roseovarius litorisediminis
<W> Pseudooceanicola atlanticus
[  6%]    PGTD01000003.1	  0.3 Mbp	Pseudooceanicola antarcticus
[  6%]     NZ_CH724131.1	3425.4 Mbp	Pseudooceanicola batsensis
[  7%] NZ_FNZG01000030.1	  2.2 Mbp	Pseudooceanicola nitratireducens
[  7%] NZ_BMLF01000017.1	  0.9 Mbp	Pseudooceanicola nanhaiensis
[  8%] NZ_FWXX01000025.1	 16.9 Mbp	Tropicibacter naphthalenivorans
[  8%] NZ_FNEB01000045.1	  1.2 Mbp	Lutimaribacter saemankumensis
[  9%]    BMEZ01000001.1	346.0 Mbp	Roseivivax pacificus
[  9%] NZ_FQXC01000016.1	  2.6 Mbp	Marivita hallyeonensis
<W> Roseivivax isoporae
[  9%] NZ_FNEJ01000102.1	  1.2 Mbp	Salipiger marinus
<W> Puniceibacterium antarcticum
[ 10%] NZ_FZNN01000061.1	  1.4 Mbp	Puniceibacterium sediminis
[ 10%] NZ_FNUZ01000008.1	 96.3 Mbp	Thalassococcus halodurans
[ 11%] NZ_PVTQ01000056.1	  1.3 Mbp	Donghicola tyrosinivorans
<W> Donghicola eburneus 
[ 11%] NZ_QGGV01000025.1	  1.4 Mbp	Silicimonas algicola
[ 12%]    PGTB01000001.1	253.2 Mbp	Pseudooceanicola lipolyticus
[ 12%] NZ_FNAV01000069.1	  1.2 Mbp	Salipiger thiooxidans
<W> Salipiger bermudensis
[ 13%]    LPXO01000001.1	750.0 Mbp	Ponticoccus marisrubri
[ 13%] NZ_FNYY01000056.1	  2.7 Mbp	Marinovum algicola
[ 14%] NZ_AAYA01000035.1	 12.1 Mbp	Sagittula stellata
<W> Salipiger pacificus
[ 14%] NZ_FOAI01000032.1	  1.9 Mbp	Roseivivax marinus
[ 15%] NZ_JAHVIT010000018.1	  0.7 Mbp	Maritimibacter alkaliphilus
[ 15%] NZ_JAHXRP010000211.1	  0.2 Mbp	Roseovarius mucosus
[ 15%] NZ_RBXI01000008.1	 17.8 Mbp	Roseovarius halotolerans
<W> Litorimicrobium taeanense
[ 16%] NZ_FOFW01000022.1	 11.4 Mbp	Thalassobius gelatinovorus
[ 16%] NZ_FOJU01000006.1	 85.4 Mbp	Poseidonocella pacifica
[ 17%] NZ_FOYI01000023.1	  3.8 Mbp	Poseidonocella sedimentorum
[ 17%] NZ_FTOQ01000042.1	  1.4 Mbp	Roseivivax lentus
<W> Marivita geojedonensis
[ 18%] NZ_FODS01000082.1	  1.2 Mbp	Salinihabitans flavidus
[ 18%] NZ_FOVP01000066.1	  1.8 Mbp	Roseovarius lutimaris
[ 18%]        CP026367.1	2469.3 Mbp	Sulfitobacter donghicola
[ 18%] NZ_FNYD01000028.1	  4.9 Mbp	Cribrihabitans marinus
[ 19%] NZ_FZOY01000027.1	  3.2 Mbp	Tropicimonas sediminicola
<W> Pseudoruegeria marinistellae
[ 19%] NZ_FOLG01000047.1	  2.1 Mbp	Tropicimonas isoalkanivorans
<W> Pseudoruegeria haliotis
[ 20%] NZ_FPAW01000086.1	  1.7 Mbp	Sedimentitalea nanhaiensis
<W> Ruegeria litorea
[ 21%]    LQBP01000009.1	178.4 Mbp	Ruegeria profundi
<W> Ruegeria pomeyori
[ 21%] NZ_FMZV01000047.1	  2.8 Mbp	Ruegeria marina
<W> Could not find any entry for Halocynthiibacter arcticus
[ 22%] NZ_FOJB01000002.1	202.0 Mbp	Aliiroseovarius sediminilitoris
[ 22%] NZ_JAIMIB010000056.1	  2.4 Mbp	Roseovarius aestuarii
[ 23%]    LXYK01000001.1	244.5 Mbp	Sulfitobacter pontiacus
<W> Sulfitobacter noctilucae
[ 23%]    LXYM01000001.1	394.6 Mbp	Sulfitobacter geojensis
<W> Sulfitobacter mediterraneus
<W> Tritonibacter mobile
<W> Could not find any entry for Phaeobacter piscinae
[ 25%] NZ_FOHO01000035.1	  3.6 Mbp	Paracoccus homiensis
<W> Thioclava indica
[ 26%] NZ_QAAA01000058.1	  1.0 Mbp	Rhodovulum imhoffii
[ 26%] NZ_FWFP01000027.1	  1.6 Mbp	Ruegeria meonggei
[ 26%] NZ_PVEP01000019.1	  6.2 Mbp	Defluviimonas denitrificans
<W> Thioclava dalianensis 
<W> Salipiger aestuarii
<W> Ruegeria mobilis
[ 27%] NZ_JQEZ01000016.1	 10.4 Mbp	Ruegeria halocynthiae
[ 28%] NZ_QKMF01000050.1	  1.9 Mbp	Pelagimonas varians
<W> Roseovarius confluentis
<W> Aliiseovarius crassoterae
[ 29%] NZ_FWFX01000035.1	  1.3 Mbp	Roseovarius albus
<W> Pseudophaeobacter leonis
<W> Phaeobacter gallaeciensis
[ 30%]        CP006773.1	4144.9 Mbp	Leisingera methylohalidivorans
[ 31%]    QOHR01000001.1	381.9 Mbp	Rhodosalinus sediminis
<W> Roseovarius indicus
<W> Roseovarius atlanticus
[ 31%] NZ_JWIF01000074.1	305.8 Mbp	Halocynthiibacter namhaensis
<W> Jannaschia aquimarina
[ 32%] NZ_FNVD01000065.1	  1.2 Mbp	Jhaorihella thermophila 
[ 32%] NZ_PRDS01000023.1	  4.2 Mbp	Albidovulum inexpectatum
<W> Kiloniella litopenaei
[ 33%]    CXWE01000001.1	1198.6 Mbp	Labrenzia alba
[ 34%]    CXST01000001.1	2733.1 Mbp	Labrenzia aggregata
[ 34%]        CM011002.1	5300.4 Mbp	Labrenzia alexandrii
[ 34%]        KE383918.1	462.6 Mbp	Nesiotobacter exalbescens
[ 35%] NZ_QAYG01000016.1	 52.3 Mbp	Breoghania corrubedonensis
[ 35%]    NPEV01000001.1	320.3 Mbp	Rhodobium orientis
[ 35%]    MCGG01000002.1	149.2 Mbp	Magnetovibrio blakemorei
[ 36%] NZ_FWFR01000013.1	  7.2 Mbp	Oceanibacterium hippocampi
[ 36%] NZ_FPBD01000030.1	  1.7 Mbp	Pseudovibrio denitrificans
[ 36%] NZ_FOFM01000089.1	  1.1 Mbp	Pseudovibrio axinellae
[ 36%] NZ_NHSC01000030.1	 91.6 Mbp	Afifella marina
[ 37%]    JHZK01000001.1	411.2 Mbp	Afifella pfennigii
[ 37%] NZ_FMXQ01000025.1	  7.0 Mbp	Bauldia litoralis
[ 37%] NZ_OBML01000023.1	  1.2 Mbp	Stappia indica
[ 38%] NZ_MJUX01000026.1	  1.0 Mbp	Acuticoccus yangtzensis
[ 38%] NZ_FOVR01000037.1	  3.3 Mbp	Cohaesibacter marisflavi
[ 38%] NZ_OBEL01000009.1	116.3 Mbp	Cohaesibacter gelatinilyticus
<W> Pseudovibrio ascidiaceicola
[ 39%] NZ_FWXR01000052.1	  1.4 Mbp	Fulvimarina manganoxydans
[ 39%] NZ_BBWO01000043.1	  0.8 Mbp	Fulvimarina pelagi
[ 40%] NZ_QGTR01000017.1	  2.7 Mbp	Hoeflea marina 
[ 40%]     NZ_CM002917.1	4468.5 Mbp	Hoeflea phototrophica
<W> Ahrensia marina
<W> Could not find any entry for Mesorhizobium oceanicum
<W> Nitratireductor basaltis
<W> Nitratireductor aquibiodomus
[ 41%] NZ_FOXZ01000031.1	  4.5 Mbp	Nitratireductor indicus
[ 42%] NZ_JAFKCY010000035.1	  0.6 Mbp	Nitratireductor pacificus
<W> Brucella melitensis
[ 43%] NZ_RAQD01000012.1	  2.0 Mbp	Pseudorhodoplanes sinuspersici
[ 43%]     NZ_KB375282.1	2643.5 Mbp	Afipia broomeae
<W> Methylobacterium salsuginis
[ 44%]        CM016551.1	605.5 Mbp	Agrobacterium tumefaciens
<W> Pseudorhizobium pelagicum
<W> Leucothrix pacifica
<W> Could not find any entry for Hyphomicrobium nitrativorans
<W> Aurantimonas coralicida
[ 45%]    QDDR01000001.1	841.3 Mbp	Pararhodobacter aggregans
[ 45%] NZ_FNOM01000073.1	  1.4 Mbp	Roseicitreum antarcticum
[ 46%] NZ_OCTN01000019.1	  6.1 Mbp	Monaibacterium marinum
[ 46%] NZ_QRDO01000005.1	576.0 Mbp	Pontivivens insulae
[ 46%] NZ_FOQH01000064.1	  1.3 Mbp	Albimonas pacifica
[ 47%] NZ_FNMZ01000026.1	  1.3 Mbp	Albimonas donghaensis
[ 47%]        KB907099.1	893.3 Mbp	Amphritea japonica
[ 47%]    RQXV01000001.1	992.4 Mbp	Amphritea balenae
[ 48%]        KE383915.1	302.6 Mbp	Neptunomonas japonica
[ 48%] NZ_JQEC01000045.1	131.4 Mbp	Colwellia psychrerythraea
[ 48%] NZ_FOBI01000045.1	  2.3 Mbp	Colwellia chukchiensis
[ 49%]    QQOH01000001.1	1543.5 Mbp	Motiliproteus coralliicola
[ 49%] NZ_MRCJ01000275.1	  0.2 Mbp	Neptunomonas phycophila
<W> Bermanella sp002683575
<W> Marinomonas spartinae
[ 50%]        KE383936.1	541.3 Mbp	Oceanospirillum maris
<W> Marinobacter psychrophilus
[ 50%] NZ_FNZV01000043.1	  1.3 Mbp	Pacificibacter marinus
[ 51%] NZ_MDVX01000068.1	  3.6 Mbp	Neptunicoccus sediminis
[ 51%] NZ_FNBL01000033.1	  3.2 Mbp	Celeribacter baekdonensis
[ 51%] NZ_PGFI01000015.1	 65.5 Mbp	Brevirhabdus pacifica
[ 52%]     NZ_KZ305013.1	  1.9 Mbp	Limimaricola cinnabarinus
[ 52%] NZ_FOPF01000023.1	  8.7 Mbp	Palleronia marisminoris
[ 52%] NZ_ONZF01000038.1	  1.4 Mbp	Palleronia abyssalis
[ 53%] NZ_FOCM01000020.1	  8.6 Mbp	Maribius pelagius
[ 53%]        KE384531.1	612.2 Mbp	Nisaea denitrificans
[ 53%] NZ_FNAP01000044.1	  1.3 Mbp	Rhodospira trueperi
<W> Could not find any entry for Granulosicoccus antarcticus
[ 54%] NZ_JRJE01000032.1	788.2 Mbp	Thalassospira australica
<W> Thalassospira lucentensis
<W> Thalassospira xiamenensis
<W> Thalassolituus oleivorans
[ 55%] NZ_BMYY01000032.1	  1.3 Mbp	Bacterioplanes sanyensis
[ 55%]     NZ_CH959301.1	1143.8 Mbp	Pseudoalteromonas tunicata
[ 56%]    MWPV01000001.1	1305.4 Mbp	Pseudoalteromonas ulvae
[ 56%]    MASR01000001.1	2823.2 Mbp	Pseudohongiella acticola
[ 56%] NZ_FNRJ01000044.1	  2.7 Mbp	Marinobacterium georgiense
[ 57%] NZ_FTMN01000020.1	  4.9 Mbp	Marinobacterium stanieri
[ 57%]    MTSM01000001.1	329.2 Mbp	Oceanospirillum multiglobuliferum
<W> Saccharophagus degradans
[ 58%]    AFWV01000001.1	547.8 Mbp	Thiocapsa marina
[ 59%]    AFWT01000001.1	299.5 Mbp	Thiorhodococcus drewsii
<W> Imhoffiella purpurea
<W> Could not find any entry for Thioflavicoccus mobilis
<W> Arenimonas donghaensis
[ 60%]        KE386993.1	198.7 Mbp	Desulfobulbus japonicus
[ 60%] NZ_QPJY01000017.1	 61.2 Mbp	Thioalbus denitrificans
[ 60%]    JHYO01000001.1	260.6 Mbp	Terasakiella pusilla
<W> Tistrella mobilis
<W> Could not find any entry for Francisella halioticida
[ 61%]     NZ_CH724120.1	157.8 Mbp	Bermanella marisrubri
[ 62%] NZ_FQVA01000010.1	 38.0 Mbp	Microbulbifer donghaiensis
<W> Microbulbifer agarilyticus
[ 62%] NZ_PREV01000034.1	  1.3 Mbp	Microbulbifer pacificus
[ 63%] NZ_FOQL01000005.1	227.7 Mbp	Pseudomonas guineae
[ 63%] NZ_FZOG01000009.1	128.9 Mbp	Pseudomonas segetis
[ 63%]    JTFL01000133.1	2481.3 Mbp	Pseudomonas oleovorans
[ 64%]    PDWP01000001.1	194.7 Mbp	Pseudoxanthomonas suwonensis
<W> Stenotrophomonas bentonitica
[ 64%] NZ_FOGB01000029.1	  5.2 Mbp	Amphritea atlantica
[ 65%]        KE383828.1	301.6 Mbp	Oceanospirillum beijerinckii
[ 65%]        KE383931.1	718.7 Mbp	Oceanobacter kriegii
[ 65%]    MTSD02000001.1	1127.3 Mbp	Oceanospirillum linum
[ 66%]        KE383936.1	541.3 Mbp	Oceanospirillum maris
[ 66%]    PDSH01000004.1	 37.7 Mbp	Neptuniibacter caesariensis
<W> Neptunomonas antarctica
<W> Marinomonas profundimaris
<W> Could not find any entry for Marinomonas mediterranea
<W> Marinomonas primoryensis
[ 68%] NZ_QKLW01000016.1	 14.2 Mbp	Marinomonas alcarazii
[ 68%] NZ_FQXG01000014.1	 53.0 Mbp	Ferrimonas marina
<W> Ferrimonas balearica
[ 69%] NZ_BMDY01000085.1	  0.7 Mbp	Agarivorans gilvus
[ 69%]        KE386907.1	698.1 Mbp	Aliagarivorans marinus
[ 69%] NZ_FNDD01000077.1	  1.8 Mbp	Vibrio xiamenensis
[ 70%] NZ_OANU01000192.1	 56.3 Mbp	Vibrio thalassae
<W> Vibrio natriegens
<W> Vibrio brasiliensis
[ 71%] NZ_LTAX01000112.1	  0.2 Mbp	Marinomonas gallaica
[ 71%] NZ_FLOC01000042.1	  1.4 Mbp	Marinomonas aquimarina
[ 71%] NZ_CYHG01000030.1	 12.3 Mbp	Marinomonas fungiae
[ 72%] NZ_SNZA01000009.1	 49.3 Mbp	Marinomonas communis
[ 72%]    MDKE01000055.1	142.9 Mbp	Oceanisphaera psychrotolerans
[ 72%]    NMUO01000001.1	150.1 Mbp	Zobellella denitrificans
[ 72%]    PXYH01000001.1	314.5 Mbp	Zobellella taiwanensis
<W> Zobellela maritima
[ 73%] NZ_LUTV01000032.1	  1.6 Mbp	Endozoicomonas ascidiicola
[ 73%] NZ_LUKQ02000975.1	  0.2 Mbp	Endozoicomonas atrinae
[ 74%]        ML137047.1	4163.1 Mbp	Pantoea dispersa
[ 74%] NZ_QGTS01000051.1	  1.3 Mbp	Mangrovibacter plantisponsor
<W> Could not find any entry for Enterobacter himalayensis
<W> Salmonella enterica
[ 75%]    MTBJ01000001.1	1239.5 Mbp	Serratia nematodiphila
[ 75%]    JWBZ01000001.1	 18.5 Mbp	Hafnia paralvei
<W> Gallaecimonas xiamenensis
[ 76%]    JOJP01000001.1	5569.6 Mbp	Endozoicomonas elysicola
[ 77%]    JOKG01000001.1	1412.1 Mbp	Endozoicomonas montiporae
<W> Pseudomonas pachastrellae
[ 77%]    NWMT01000003.1	 12.3 Mbp	Pseudomonas pelagia
[ 77%]        KE386828.1	135.4 Mbp	Marinobacterium litorale 
[ 78%] NZ_FNVQ01000015.1	  7.9 Mbp	Marinobacterium lutimaris
[ 78%] NZ_MLGD01000037.1	253.8 Mbp	Pseudomonas marincola
<W> Pseudomonas taeanensis
[ 79%]        JH815591.1	4791.9 Mbp	Aeromonas dhakensis
<W> Pseudomonas alcaliphila
<W> Pseudomonas stutzeri
[ 80%]    NMOJ01000002.1	 99.1 Mbp	Pseudomonas mandelii
<W> Pseudomonas prosekii
[ 81%]        ML137223.1	709.1 Mbp	Pseudomonas veronii
<W> Pseudomonas brenneri
[ 81%]    JYLG01000001.1	831.7 Mbp	Pseudomonas weihenstephanensis
<W> Pseudomonas koreensis
[ 82%] NZ_PEBU01000036.1	  1.2 Mbp	Bowmanella denitrificans
<W> Lacimicrobium alkaliphilum
[ 82%]    NDXW01000001.1	5941.4 Mbp	Zooshikella ganghwensis
<W> Balneatrix sp003194385
[ 83%]    MDTQ01000001.1	4042.5 Mbp	Terasakiispira papahanaumokuakeensis
[ 83%] NZ_CDBV01000011.1	  3.7 Mbp	Aeromonas jandaei
[ 84%]    LKKI01000045.1	198.2 Mbp	Aeromonas allosaccharophila
[ 84%]        CP039832.1	4684.1 Mbp	Aeromonas caviae
[ 84%] NZ_AQGQ01000303.1	  1.1 Mbp	Aeromonas molluscorum
[ 85%]    RFFM01000001.1	1820.9 Mbp	Pseudomonas zhaodongensis
<W> Pseudomonas luteola
[ 85%] NZ_QPQT01000030.1	  1.9 Mbp	Shewanella algidipiscicola
<W> Shewanella marisflavi
[ 86%] NZ_JADDKM010000045.1	  2.1 Mbp	Shewanella benthica
[ 86%]    LWED01000060.1	216.2 Mbp	Shewanella baltica
<W> Shewanella frigidimarina
[ 87%]        CP000302.1	4545.9 Mbp	Shewanella denitrificans
<W> Shewanella algae
<W> Shewanella woodyi
[ 88%] NZ_BFBQ01000001.1	2983.9 Mbp	Shewanella halifaxensis
[ 88%]        CP000507.1	4306.1 Mbp	Shewanella amazonensis
<W> Enterovibrio pacificus
<W> Grimontia indica
[ 89%]        KK211217.1	659.2 Mbp	Enterovibrio calviensis
<W> Enterovibrio norvegicus 
[ 90%]    QRDH01000001.1	1011.7 Mbp	Marinobacter flavimaris
[ 90%] NZ_SOCZ01000048.1	  1.6 Mbp	Halomonas alkaliantarctica
<W> Halomonas hydrothermalis
[ 90%]        KB898646.1	948.6 Mbp	Halomonas zhanjiangensis
[ 91%]    BMHR01000001.1	559.9 Mbp	Pseudomonas oceani
<W> Pseudomonas aestusnigri
<W> Pseudomonas fulva
[ 92%]        CP029693.1	6845.2 Mbp	Pseudomonas putida
<W> Could not find any entry for Octadecabacter arcticus
[ 92%] NZ_CYPS01000067.1	520.2 Mbp	Ruegeria atlantica
<W> Amylibacter sp900197625
<W> Anderseniella sp900149695
[ 93%]        KB893134.1	941.5 Mbp	Kiloniella laminariae
[ 94%]     NZ_KK214992.1	  5.3 Mbp	Pseudomonas monteilii
[ 94%]    JOJY01000001.1	6149.8 Mbp	Pseudomonas plecoglossicida
<W> Could not find any entry for Oceanicoccus sagamiensis
[ 95%]     NZ_KI421513.1	3520.9 Mbp	Leisingera caerulea
[ 95%] NZ_JAHVJQ010000048.1	  0.6 Mbp	Leisingera aquaemixtae
[ 95%] NZ_FOAG01000039.1	  1.4 Mbp	Roseovarius azorensis
<W> Pseudoruegeria lutimaris
[ 96%] NZ_FNCV01000033.1	  1.5 Mbp	Roseospirillum parvum
[ 96%]    JYKX01000001.1	1862.1 Mbp	Pseudomonas deceptionensis
[ 97%]        KB899491.1	654.2 Mbp	Azoarcus toluclasticus 
[ 97%] NZ_WTVJ01000119.1	  0.4 Mbp	Azoarcus communis
[ 97%]    POQS01000001.1	1297.6 Mbp	Achromobacter pulmonis
[ 98%] NZ_JACIIK010000032.1	  1.4 Mbp	Paraburkholderia fungorum
[ 98%]        CP000851.1	5174.6 Mbp	Shewanella pealeana
[ 98%]        CP000821.1	5517.7 Mbp	Shewanella sediminis
<W> Janthinobacterium sp002127585
[ 99%]        CP046994.1	4291.1 Mbp	Bordetella pertussis
<W> Alcaligenes aquatilis
