[  0/320] Yoonia maricola, GCF_002797915.1, ASM279791v1, 1059
[  1/320] Yoonia litorea, GCF_900114675.1, IMG-taxon2687453745annotatedassembly, 1083
[  2/320] Nioella nitratireducens, GCF_001879715.1, ASM187971v1, 1044
[  3/320] Octadecabacter antarcticus, GCF_000155675.2, ASM15567v2, 1056
[  4/320] Shimia marina, GCF_001458175.1, S.marinaCECT7688_Velvet_Prokka, 1074
[  5/320] Shimia haliotis, GCF_900114415.1, IMG-taxon2619619046annotatedassembly, 1047
[  6/320] Pseudopelagicola gijangensis, GCF_900142085.1, IMG-taxon2700988697annotatedassembly, 1083
[  7/320] Thalassobius aestuarii, GCF_900114635.1, IMG-taxon2616644822annotatedassembly, 1056
[  8/320] Aliiroseovarius pelagivivens, GCF_900302485.1, A.pelagivivensCECT8811_Spades_Prokka, 1053
[  9/320] Lentibacter algarum, GCF_900107355.1, IMG-taxon2693429861annotatedassembly, 1095
[ 10/320] Pseudaestuariivita atlantica, GCF_001205715.1, ASM120571v1, 1056
[ 11/320] Ascidiaceihabitans donghaensis, GCF_900302465.1, A.donghaensisCECT8599_Spades_Prokka, 1056
[ 12/320] Boseongicola aestuarii , GCF_900184815.1, B.aestuarii_CECT8489_Spades_Prokka, 1080
[ 13/320] Cognatiyoonia sediminum, GCF_900129845.1, IMG-taxon2695421013annotatedassembly, 1062
[ 14/320] Roseobacter litoralis, GCF_000154785.2, ASM15478v2, 1080
[ 15/320] Octadecabacter temperatus, GCF_001187845.1, ASM118784v1, 1065
[ 16/320] Pseudooctadecabacter jejudonensis, GCF_900172275.1, P.jejudonensis_CECT8397_Spades_Prokka, 1080
[ 17/320] Roseovarius nanhaiticus, GCF_900156535.1, IMG-taxon2681812935annotatedassembly, 1083
[ 18/320] Pseudooceanicola marinus, GCF_002786295.1, L23705_abyss-scaffolds_k62_38, 1077
[ 19/320] Roseovarius litorisediminis, GCF_900172295.1, P.litorisediminis_CECT8287_Spades_Prokka, 1083
[ 20/320] Pseudooceanicola atlanticus, GCF_000768315.1, ASM76831v1, 1050
[ 21/320] Pseudooceanicola antarcticus, GCF_900215355.1, IMG-taxon2721755848annotatedassembly, 1074
[ 22/320] Pseudooceanicola batsensis, GCF_000152725.1, ASM15272v1, 1056
[ 23/320] Pseudooceanicola nitratireducens, GCF_019800905.1, ASM1980090v1, 1053
[ 24/320] Pseudooceanicola nanhaiensis, GCF_000688295.1, ASM68829v1, 1068
[ 25/320] Maliponia aquimaris, GCF_900184945.1, M.aquimaris_CECT8898_Spades_Prokka, 1074
[ 26/320] Tropicibacter naphthalenivorans, GCF_001458375.1, Tr.naphthalenivorans_CECT7648_Spades_Prokka, 1050
[ 27/320] Lutimaribacter saemankumensis, GCF_900100005.1, IMG-taxon2675903213annotatedassembly, 1077
[ 28/320] Citreimonas salinaria, GCF_900107235.1, IMG-taxon2693429906annotatedassembly, 1074
[ 29/320] Roseivivax pacificus, GCF_003054175.1, ASM305417v1, 1065
[ 30/320] Marivita hallyeonensis, GCF_900129875.1, IMG-taxon2695421018annotatedassembly, 1053
[ 31/320] Roseivivax isoporae, GCF_000521865.1, SOAPdenovov1.05, 1044
[ 32/320] Salipiger marinus, GCF_900100085.1, IMG-taxon2615840707annotatedassembly, 1074
[ 33/320] Puniceibacterium antarcticum, GCF_002760615.1, ASM276061v1, 1083
[ 34/320] Puniceibacterium sediminis, GCF_900188035.1, IMG-taxon2724679734annotatedassembly, 1083
[ 35/320] Thalassococcus halodurans, GCF_900108225.1, IMG-taxon2617270859annotatedassembly, 1068
[ 36/320] Donghicola tyrosinivorans, GCF_003003355.1, ASM300335v1, 1074
[ 37/320] Donghicola eburneus , GCF_900115865.1, IMG-taxon2684622851annotatedassembly, 1074
[ 38/320] Silicimonas algicola, GCF_003970735.1, ASM397073v1, 1062
[ 39/320] Pseudooceanicola lipolyticus, GCF_002786325.1, 157.Hcov.spades_scaffolds_517, 1047
[ 40/320] Antarctobacter heliothermus, GCF_900188425.1, IMG-taxon2619619037annotatedassembly, 1068
[ 41/320] Salipiger thiooxidans, GCF_900102075.1, IMG-taxon2615840719annotatedassembly, 1080
[ 42/320] Salipiger profundus, GCF_014637265.1, ASM1463726v1, 1039
[ 43/320] Salipiger bermudensis, GCF_017309175.1, ASM1730917v1, 1050
[ 44/320] Ponticoccus marisrubri, GCF_001482405.1, ASM148240v1, 1047
[ 45/320] Marinovum algicola, GCF_900109145.1, IMG-taxon2615840718annotatedassembly, 1053
[ 46/320] Sagittula stellata, GCF_000169415.1, ASM16941v1, 1074
[ 47/320] Salipiger pacificus, GCF_900100725.1, IMG-taxon2617270881annotatedassembly, 1068
[ 48/320] Roseivivax marinus, GCF_900109705.1, IMG-taxon2693429879annotatedassembly, 1047
[ 49/320] Maritimibacter alkaliphilus, GCF_008124775.1, ASM812477v1, 1047
[ 50/320] Roseovarius mucosus, GCF_000768555.3, Rosmuc_1.1, 1074
[ 51/320] Roseovarius halotolerans, GCF_003634925.1, ASM363492v1, 1068
[ 52/320] Litorimicrobium taeanense, GCF_900110775.1, IMG-taxon2615840713annotatedassembly, 1074
[ 53/320] Thalassobius gelatinovorus, GCF_012295595.1, ASM1229559v1, 1071
[ 54/320] Poseidonocella pacifica, GCF_900111875.1, IMG-taxon2687453774annotatedassembly, 1047
[ 55/320] Poseidonocella sedimentorum, GCF_900116005.1, IMG-taxon2634166304annotatedassembly, 1065
[ 56/320] Roseivivax lentus, GCF_900156805.1, IMG-taxon2681813559annotatedassembly, 1065
[ 57/320] Marivita geojedonensis, GCF_002115805.1, ASM211580v1, 1056
[ 58/320] Salinihabitans flavidus, GCF_900110425.1, IMG-taxon2634166353annotatedassembly, 1083
[ 59/320] Roseovarius lutimaris, GCF_900115165.1, IMG-taxon2622736530annotatedassembly, 1083
[ 60/320] Sulfitobacter donghicola, GCF_000622405.1, 12864_draft, 1071
[ 61/320] Cribrihabitans marinus, GCF_900109035.1, IMG-taxon2693429871annotatedassembly, 1068
[ 62/320] Tropicimonas sediminicola, GCF_900188335.1, IMG-taxon2681813518annotatedassembly, 1074
[ 63/320] Pseudoruegeria marinistellae, GCF_001509585.1, ASM150958v1, 1077
[ 64/320] Tropicimonas isoalkanivorans, GCF_900112335.1, IMG-taxon2615840715annotatedassembly, 1074
[ 65/320] Pseudoruegeria haliotis, GCF_003003255.1, ASM300325v1, 1041
[ 66/320] Sedimentitalea nanhaiensis, GCF_000473225.1, ASM47322v1, 1074
[ 67/320] Ruegeria litorea, GCF_900172225.1, Tr.litoreus_CECT7639_Spades_Prokka, 1071
[ 68/320] Ruegeria profundi, GCF_020171505.1, ASM2017150v1, 1068
[ 69/320] Ruegeria pomeyori, GCF_000011965.2, ASM1196v2, 1062
[ 70/320] Ruegeria marina, GCF_900101475.1, IMG-taxon2617270884annotatedassembly, 1044
[ 71/320] Thalassobius mediterraneus, GCF_900156595.1, IMG-taxon2681813506annotatedassembly, 1068
[ 72/320] Halocynthiibacter arcticus, GCF_000812665.2, ASM81266v2, 1071
[ 73/320] Aliiroseovarius sediminilitoris, GCF_900109955.1, IMG-taxon2687453744annotatedassembly, 1053
[ 74/320] Roseovarius aestuarii, GCF_900172285.1, R.aestuarii_CECT7745_Spades_Prokka, 1095
[ 75/320] Sulfitobacter pontiacus, GCF_000647675.1, SulPonPM01v1, 1071
[ 76/320] Sulfitobacter noctilucae, GCF_000622365.1, NB68_draft, 1047
[ 77/320] Sulfitobacter geojensis, GCF_016814695.1, ASM1681469v1, 1047
[ 78/320] Sulfitobacter mediterraneus, GCF_016801755.1, ASM1680175v1, 1065
[ 79/320] Tritonibacter mobile, GCF_000376545.2, ASM37654v2, 1074
[ 80/320] Phaeobacter piscinae, GCF_000826835.2, ASM82683v2, 1068
[ 81/320] Roseovarius nubinhibens, GCF_018860885.1, ASM1886088v1, 1059
[ 82/320] Paracoccus homiensis, GCF_900111675.1, IMG-taxon2634166318annotatedassembly, 1071
[ 83/320] Thioclava indica, GCF_000714545.1, SOAPdenovov1.05, 1044
[ 84/320] Rhodovulum imhoffii, GCF_003046545.1, ASM304654v1, 1071
[ 85/320] Ruegeria meonggei, GCF_900172215.1, R.meonggei_CECT8411_Spades_Prokka, 1068
[ 86/320] Defluviimonas denitrificans, GCF_002973535.1, ASM297353v1, 1077
[ 87/320] Thioclava dalianensis , GCF_900115035.1, IMG-taxon2663762756annotatedassembly, 1044
[ 88/320] Salipiger aestuarii, GCF_008930655.1, ASM893065v1, 1083
[ 89/320] Ruegeria mobilis, GCF_000376545.2, ASM37654v2, 1074
[ 90/320] Ruegeria halocynthiae, GCF_900106805.1, IMG-taxon2693429872annotatedassembly, 1065
[ 91/320] Pelagimonas varians, GCF_003208435.1, ASM320843v1, 1065
[ 92/320] Tropicibacter phthalicicus, GCF_004364805.1, ASM436480v1, 1041
[ 93/320] Roseovarius confluentis, GCF_002917925.1, ASM291792v1, 1080
[ 94/320] Aliiseovarius crassoterae, GCF_025137635.1, ASM2513763v1, 1050
[ 95/320] Roseovarius albus, GCF_900172335.1, R.albus_CECT7450_Spades_Prokka, 1080
[ 96/320] Pseudophaeobacter leonis, GCF_002087335.1, ASM208733v1, 1065
[ 97/320] Phaeobacter gallaeciensis, GCF_002381365.1, ASM238136v1, 1068
[ 98/320] Leisingera methylohalidivorans, GCF_000511355.1, ASM51135v1, 1068
[ 99/320] Epibacterium ulvae, GCF_002796795.1, ASM279679v1, 1071
[100/320] Rhodosalinus sediminis, GCF_003385555.1, ASM338555v1, 1071
[101/320] Roseovarius indicus, GCF_008728195.1, ASM872819v1, 1092
[102/320] Roseovarius atlanticus, GCF_001441615.1, ASM144161v1, 1080
[103/320] Halocynthiibacter namhaensis, GCF_000812685.1, S20958, 1053
[104/320] Jannaschia aquimarina, GCF_900188045.1, IMG-taxon2681813552annotatedassembly, 1071
[105/320] Jhaorihella thermophila , GCF_900108275.1, IMG-taxon2675903694annotatedassembly, 1050
[106/320] Albidovulum inexpectatum, GCF_002927635.1, ASM292763v1, 1074
[107/320] Defluviimonas aquaemixtae, GCF_900302475.1, D.aquaemixtaeCECT8626_Spades_Prokka, 1077
[108/320] Kiloniella litopenaei, GCF_000982415.1, ASM98241v1, 1071
[109/320] Labrenzia alba, GCF_001406035.1, L.albaCECT5096_Spades_Prokka, 1086
[110/320] Labrenzia aggregata, GCF_000168975.1, ASM16897v1, 1074
[111/320] Labrenzia alexandrii, GCF_000158095.2, ASM15809v2, 1068
[112/320] Nesiotobacter exalbescens, GCF_001907205.1, ASM190720v1, 1068
[113/320] Breoghania corrubedonensis, GCF_003053845.1, ASM305384v1, 1050
[114/320] Rhodobium orientis, GCF_014197785.1, ASM1419778v1, 1080
[115/320] Magnetovibrio blakemorei, GCF_001746755.1, ASM174675v1, 1101
[116/320] Oceanibacterium hippocampi, GCF_900172325.1, O.hippocampi_CECT7691_Spades_Prokka, 1083
[117/320] Pseudovibrio denitrificans, GCF_900116575.1, IMG-taxon2693429873annotatedassembly, 1065
[118/320] Pseudovibrio axinellae, GCF_900110875.1, IMG-taxon2684622848annotatedassembly, 1065
[119/320] Afifella marina, GCF_900102695.1, IMG-taxon2595699009annotatedassembly, 1089
[120/320] Afifella pfennigii, GCF_000688515.1, ASM68851v1, 1086
[121/320] Bauldia litoralis, GCF_900104485.1, IMG-taxon2597490370annotatedassembly, 1101
[122/320] Stappia indica, GCF_009789575.1, ASM978957v1, 1080
[123/320] Acuticoccus yangtzensis, GCF_001927245.1, ASM192724v1, 1101
[124/320] Cohaesibacter marisflavi, GCF_900115225.1, IMG-taxon2617270874annotatedassembly, 1068
[125/320] Cohaesibacter gelatinilyticus, GCF_900215605.1, IMG-taxon2728369261annotatedassembly, 1068
[126/320] Pseudovibrio ascidiaceicola, GCF_900312785.1, Pseudovibriosp.AU243genome, 1065
[127/320] Fulvimarina manganoxydans, GCF_900176465.1, IMG-taxon2718217637annotatedassembly, 1074
[128/320] Fulvimarina pelagi, GCF_000153705.1, ASM15370v1, 1074
[129/320] Hoeflea marina , GCF_003182275.1, ASM318227v1, 1089
[130/320] Hoeflea phototrophica, GCF_000154705.2, ASM15470v2, 1083
[131/320] Ahrensia marina, GCF_001293565.1, ASM129356v1, 1131
[132/320] Mesorhizobium oceanicum, GCF_001889605.1, ASM188960v1, 1086
[133/320] Nitratireductor basaltis, GCF_000733725.1, ASM73372v1, 1086
[134/320] Nitratireductor aquibiodomus, GCF_900105565.1, IMG-taxon2667528178annotatedassembly, 1086
[135/320] Nitratireductor indicus, GCF_900115835.1, IMG-taxon2663762748annotatedassembly, 1086
[136/320] Nitratireductor pacificus, GCF_000300335.1, ASM30033v1, 1083
[137/320] Brucella melitensis, GCF_000007125.1, ASM712v1, 1086
[138/320] Rhodopseudomonas palustris, GCF_016584445.1, ASM1658444v1, 1092
[139/320] Pseudorhodoplanes sinuspersici, GCF_002119765.1, ASM211976v1, 1086
[140/320] Afipia broomeae, GCF_000314675.2, Afip_broo_ATCC_49717_V1, 1089
[141/320] Methylobacterium salsuginis, GCF_900114375.1, IMG-taxon2617270908annotatedassembly, 1062
[142/320] Agrobacterium tumefaciens, GCF_003667905.1, ASM366790v1, 1092
[143/320] Pseudorhizobium pelagicum, GCA_000722625.1, ASM72262v1, 1092
[144/320] Leucothrix pacifica, GCF_003172875.1, ASM317287v1, 1041
[145/320] Hyphomicrobium nitrativorans, GCF_000503895.1, ASM50389v1, 1158
[146/320] Aurantimonas coralicida, GCF_000421645.1, ASM42164v1, 1074
[147/320] Pararhodobacter aggregans, GCF_003054005.1, ASM305400v1, 1068
[148/320] Roseicitreum antarcticum, GCF_014681765.1, ASM1468176v1, 1047
[149/320] Monaibacterium marinum, GCF_900231835.1, IMG-taxon2710264757annotatedassembly, 1071
[150/320] Pontivivens insulae, GCF_900302495.1, P.insulaeCECT8812_Spades_Prokka, 1071
[151/320] Albimonas pacifica, GCF_900113695.1, IMG-taxon2667527406annotatedassembly, 1029
[152/320] Albimonas donghaensis, GCF_900106695.1, IMG-taxon2693429856annotatedassembly, 1071
[153/320] Amphritea japonica, GCF_000381785.1, ASM38178v1, 1041
[154/320] Amphritea balenae, GCF_003858655.1, ASM385865v1, 1044
[155/320] Neptunomonas japonica, GCF_000422765.1, ASM42276v1, 1038
[156/320] Colwellia psychrerythraea, GCF_000012325.1, ASM1232v1, 1038
[157/320] Colwellia chukchiensis, GCF_002104455.1, ASM210445v1, 1035
[158/320] Motiliproteus coralliicola, GCF_003345655.1, ASM334565v1, 1041
[159/320] Neptunomonas phycophila, GCF_013394205.1, ASM1339420v1, 1041
[160/320] Bermanella sp002683575, GCF_012295615.1, ASM1229561v1, 1089
[161/320] Marinomonas spartinae, GCF_900089775.1, MspartinaeCECT8886_SPAdes_Prokka, 1101
[162/320] Oceanospirillum maris, GCF_000422865.1, ASM42286v1, 1092
[163/320] Marinobacter psychrophilus, GCF_001043175.1, ASM104317v1, 1116
[164/320] Pacificibacter marinus, GCF_900172305.1, P.marinus_CECT7971_Spades_Prokka, 1050
[165/320] Neptunicoccus sediminis, GCF_001719615.1, ASM171961v1, 1077
[166/320] Celeribacter baekdonensis, GCF_900102315.1, IMG-taxon2616644820annotatedassembly, 1062
[167/320] Brevirhabdus pacifica, GCF_002797755.1, ASM279775v1, 1050
[168/320] Limimaricola cinnabarinus, GCF_000466965.1, ASM46696v1, 1089
[169/320] Palleronia marisminoris, GCF_900113405.1, IMG-taxon2615840708annotatedassembly, 1047
[170/320] Palleronia abyssalis, GCF_900302445.1, P.abyssalisCECT8504_Spades_Prokka, 1074
[171/320] Maribius pelagius, GCF_900110115.1, IMG-taxon2616644821annotatedassembly, 1053
[172/320] Nisaea denitrificans, GCF_000426505.1, ASM42650v1, 1053
[173/320] Rhodospira trueperi, GCF_900101965.1, IMG-taxon2675903020annotatedassembly, 1101
[174/320] Granulosicoccus antarcticus, GCF_002215215.1, ASM221521v1, 1059
[175/320] Thalassospira australica, GCF_000763295.1, ASM76329v1, 1077
[176/320] Thalassospira lucentensis, GCF_000421265.1, ASM42126v1, 1074
[177/320] Thalassospira xiamenensis, GCF_021021275.1, ASM2102127v1, 1080
[178/320] Thalassolituus oleivorans, GCF_000355675.1, ASM35567v1, 1038
[179/320] Bacterioplanes sanyensis, GCF_014652515.1, ASM1465251v1, 1009
[180/320] Pseudoalteromonas tunicata, GCF_003568825.1, ASM356882v1, 1062
[181/320] Pseudoalteromonas ulvae, GCF_002156545.1, ASM215654v1, 1053
[182/320] Pseudohongiella acticola, GCF_001758195.1, ASM175819v1, 1065
[183/320] Marinobacterium georgiense, GCF_017310015.1, ASM1731001v1, 1044
[184/320] Marinobacterium stanieri, GCF_900155945.1, IMG-taxon2681813548annotatedassembly, 1044
[185/320] Oceanospirillum multiglobuliferum, GCF_900167095.1, IMG-taxon2582581321annotatedassembly, 1053
[186/320] Saccharophagus degradans, GCF_000013665.1, ASM1366v1, 1047
[187/320] Marichromatium gracile, GCF_004343155.1, ASM434315v1, 1035
[188/320] Thiocapsa marina, GCF_000223985.1, ASM22398v1, 1053
[189/320] Thiocystis violascens, GCF_000227745.2, ASM22774v3, 1041
[190/320] Thiorhodococcus drewsii, GCF_000224065.1, ASM22406v1, 1041
[191/320] Imhoffiella purpurea, GCF_000585215.1, Thiorhodococcussp., 1041
[192/320] Thioflavicoccus mobilis, GCF_000327045.1, ASM32704v1, 1038
[193/320] Arenimonas donghaensis, GCF_000743535.1, ASM74353v1, 1035
[194/320] Desulfobulbus japonicus, GCF_000429945.1, ASM42994v1, 1056
[195/320] Thioalbus denitrificans, GCF_003337735.1, ASM333773v1, 1041
[196/320] Terasakiella pusilla, GCF_000688235.1, ASM68823v1, 1074
[197/320] Tistrella mobilis, GCF_000264455.2, ASM26445v2, 1086
[198/320] Francisella halioticida, GCF_002211785.1, ASM221178v1, 1035
[199/320] Bermanella marisrubri, GCF_012295615.1, ASM1229561v1, 1089
[200/320] Microbulbifer donghaiensis, GCF_900129095.1, IMG-taxon2619618825annotatedassembly, 1035
[201/320] Microbulbifer agarilyticus, GCF_001999945.1, ASM199994v1, 1032
[202/320] Microbulbifer pacificus, GCF_002959965.1, ASM295996v1, 1032
[203/320] Pseudomonas guineae, GCF_900113745.1, IMG-taxon2667527413annotatedassembly, 1044
[204/320] Pseudomonas alcaligenes, GCF_001597285.1, ASM159728v1, 1050
[205/320] Pseudomonas segetis, GCF_900188155.1, IMG-taxon2671180091annotatedassembly, 1044
[206/320] Pseudomonas oleovorans, GCF_000297075.2, Ppseudo_final, 1044
[207/320] Pseudoxanthomonas suwonensis, GCF_010093235.1, ASM1009323v1, 1026
[208/320] Stenotrophomonas bentonitica, GCF_013185915.1, ASM1318591v1, 1041
[209/320] Amphritea atlantica, GCF_900111095.1, IMG-taxon2599185211annotatedassembly, 1044
[210/320] Oceanospirillum beijerinckii, GCF_000422425.1, ASM42242v1, 1089
[211/320] Oceanobacter kriegii, GCF_000422845.1, ASM42284v1, 1044
[212/320] Oceanospirillum linum, GCF_001995095.2, ASM199509v2, 1095
[214/320] Marinobacterium jannaschii, GCF_000620085.1, ASM62008v1, 1053
[215/320] Neptuniibacter caesariensis, GCF_000153345.1, ASM15334v1, 1041
[216/320] Neptunomonas antarctica, GCF_900156635.1, IMG-taxon2681813508annotatedassembly, 1041
[217/320] Marinomonas profundimaris, GCF_000508165.1, SOAPdenovoforversionv2.01oftheMarinomonassp.D104genome, 1062
[218/320] Marinomonas mediterranea, GCF_000192865.1, ASM19286v1, 1047
[219/320] Marinomonas primoryensis, GCF_013372285.1, ASM1337228v1, 1074
[220/320] Marinomonas alcarazii, GCF_003208215.1, ASM320821v1, 1065
[221/320] Ferrimonas marina, GCF_900129905.1, IMG-taxon2588254304annotatedassembly, 1032
[222/320] Ferrimonas balearica, GCF_000148645.1, ASM14864v1, 1041
[223/320] Agarivorans gilvus, GCF_014636215.1, ASM1463621v1, 976
[224/320] Aliagarivorans marinus, GCF_000429485.1, ASM42948v1, 1050
[225/320] Vibrio xiamenensis, GCF_900100015.1, IMG-taxon2617270927annotatedassembly, 1050
[226/320] Vibrio thalassae, GCF_900089835.1, VthalassaeCECT8203_Velvet_Prokka, 1038
[227/320] Vibrio natriegens, GCF_001456255.1, ASM145625v1, 1047
[228/320] Vibrio brasiliensis, GCF_000189255.1, ASM18925v1, 1044
[229/320] Marinomonas gallaica, GCF_900089985.1, MgallaicaCECT5116_Velvet_Prokka, 1059
[230/320] Marinomonas aquimarina, GCF_900089755.1, MaquimarinaCECT5080_SPAdes_Prokka, 1062
[231/320] Marinomonas fungiae, GCF_001418205.1, ASM141820v1, 1074
[232/320] Marinomonas communis, GCF_004363305.1, ASM436330v1, 1062
[233/320] Oceanisphaera psychrotolerans, GCF_001870485.1, ASM187048v1, 1071
[234/320] Zobellella denitrificans, GCF_002407485.1, ASM240748v1, 1071
[235/320] Zobellella taiwanensis, GCF_003012795.1, ASM301279v1, 1068
[236/320] Zobellela maritima, GCF_003075035.1, ASM307503v1, 1068
[237/320] Endozoicomonas ascidiicola, GCF_001646955.1, KASP37_1.0, 1125
[238/320] Endozoicomonas atrinae, GCF_001647025.1, EnAtr_2.0, 1098
[239/320] Pantoea dispersa, GCF_019890955.1, ASM1989095v1, 1071
[240/320] Mangrovibacter plantisponsor, GCF_003182475.1, ASM318247v1, 1065
[241/320] Salmonella enterica, GCF_000006945.2, ASM694v2, 1062
[242/320] Serratia nematodiphila, GCF_004768745.1, ASM476874v1, 1065
[243/320] Hafnia paralvei, GCF_020150375.1, ASM2015037v1, 1053
[244/320] Gallaecimonas xiamenensis, GCF_000299915.1, ASM29991v1, 1047
[245/320] Gallaecimonas pentaromativorans, GCF_003751625.1, ASM375162v1, 1050
[246/320] Endozoicomonas elysicola, GCF_000710775.1, ASM71077v1, 1095
[247/320] Endozoicomonas montiporae, GCF_001583435.1, ASM158343v1, 1044
[248/320] Pseudomonas pachastrellae, GCF_900114765.1, IMG-taxon2663763599annotatedassembly, 1038
[249/320] Pseudomonas pelagia, GCF_000410875.1, KCCM90073, 1044
[250/320] Marinobacterium litorale , GCF_000428985.1, ASM42898v1, 1050
[251/320] Marinobacterium lutimaris, GCF_900108065.1, IMG-taxon2693429862annotatedassembly, 1053
[252/320] Pseudomonas marincola, GCF_900682675.2, P_marincola_YSy11_v2, 1044
[253/320] Pseudomonas taeanensis, GCF_000498575.2, MS-3, 1044
[254/320] Aeromonas dhakensis, GCF_020405345.1, ASM2040534v1, 1071
[255/320] Pseudomonas alcaliphila, GCF_002091495.1, ASM209149v1, 1044
[256/320] Pseudomonas stutzeri, GCF_019702405.1, PseudomonasstutzeriGOM4, 1044
[257/320] Pseudomonas aeruginosa, GCF_000006765.1, ASM676v1, 1041
[258/320] Pseudomonas mandelii, GCF_019693255.1, ASM1969325v1, 1053
[259/320] Pseudomonas prosekii, GCF_900105155.1, IMG-taxon2663762789annotatedassembly, 1053
[260/320] Pseudomonas veronii, GCF_002028325.1, ASM202832v1, 1059
[261/320] Pseudomonas brenneri, GCF_900105815.1, IMG-taxon2639762518annotatedassembly, 1059
[262/320] Pseudomonas weihenstephanensis, GCF_016812185.1, ASM1681218v1, 1119
[263/320] Pseudomonas koreensis, GCF_900101415.1, IMG-taxon2636416187annotatedassembly, 1059
[264/320] Bowmanella denitrificans, GCF_002887595.1, ASM288759v1, 1032
[265/320] Lacimicrobium alkaliphilum, GCF_002591895.1, ASM259189v1, 1056
[266/320] Zooshikella ganghwensis, GCF_002261065.1, ASM226106v1, 1068
[267/320] Balneatrix sp003194385, GCF_000619885.1, ASM61988v1, 1038
[268/320] Terasakiispira papahanaumokuakeensis, GCF_001709345.1, ASM170934v1, 1080
[269/320] Aeromonas jandaei, GCF_016127195.1, ASM1612719v1, 1071
[270/320] Aeromonas allosaccharophila, GCF_016026615.1, ASM1602661v1, 1068
[271/320] Aeromonas caviae, GCF_014169735.1, ASM1416973v1, 1071
[272/320] Aeromonas molluscorum, GCF_000388115.1, Amol1.0, 1071
[273/320] Pseudomonas zhaodongensis, GCF_003696365.1, ASM369636v1, 1044
[274/320] Pseudomonas luteola, GCF_022346805.1, ASM2234680v1, 1047
[275/320] Shewanella algidipiscicola, GCF_900380485.1, ERP106791_PRJEB24924, 1062
[143/320] Pseudorhizobium pelagicum, GCA_000722625.1, ASM72262v1, 1092
[276/320] Shewanella marisflavi, GCF_002215585.1, ASM221558v1, 1062
[277/320] Shewanella benthica, GCF_015069875.1, ASM1506987v1, 0
[278/320] Shewanella baltica, GCF_000178875.2, ASM17887v2, 1068
[279/320] Shewanella frigidimarina, GCF_000014705.1, ASM1470v1, 1065
[280/320] Shewanella denitrificans, GCF_000013765.1, ASM1376v1, 1062
[281/320] Shewanella algae, GCF_009730655.1, ASM973065v1, 1065
[282/320] Shewanella woodyi, GCF_000019525.1, ASM1952v1, 1062
[283/320] Shewanella halifaxensis, GCF_000019185.1, ASM1918v1, 1068
[284/320] Shewanella amazonensis, GCF_000015245.1, ASM1524v1, 1068
[285/320] Enterovibrio pacificus, GCF_001707825.1, ASM170782v1, 1044
[286/320] Grimontia indica, GCF_000333895.2, ASM33389v2, 1044
[287/320] Enterovibrio calviensis, GCF_000621165.1, ASM62116v1, 1044
[288/320] Enterovibrio norvegicus , GCF_900537165.1, ASM90053716v1, 1050
[289/320] Marinobacter flavimaris, GCF_003363485.1, ASM336348v1, 1047
[290/320] Halomonas alkaliantarctica, GCF_004364445.1, ASM436444v1, 1074
[291/320] Halomonas hydrothermalis, GCF_011399095.1, ASM1139909v1, 1062
[292/320] Halomonas zhanjiangensis, GCF_000377665.1, ASM37766v1, 1062
[293/320] Pseudomonas oceani, GCF_002903165.1, ASM290316v1, 1038
[294/320] Pseudomonas aestusnigri, GCF_900108005.1, IMG-taxon2663762778annotatedassembly, 1038
[295/320] Pseudomonas fulva, GCF_001186195.1, ASM118619v1, 1068
[296/320] Pseudomonas putida, GCF_000412675.1, ASM41267v1, 1068
[297/320] Octadecabacter arcticus, GCF_000155735.2, ASM15573v2, 1092
[298/320] Ruegeria atlantica, GCF_001458195.1, R.atlanticaCECT4292_SeqMan_Prokka, 1068
[299/320] Amylibacter sp900197625, GCF_014643735.1, ASM1464373v1, 1077
[300/320] Kiloniella laminariae, GCF_000374005.1, ASM37400v1, 1071
[301/320] Pseudomonas monteilii, GCF_003671975.1, ASM367197v1, 1068
[302/320] Pseudomonas plecoglossicida, GCF_003391255.1, ASM339125v1, 1068
[303/320] Oceanicoccus sagamiensis, GCF_002117105.1, ASM211710v1, 1044
[304/320] Leisingera caerulea, GCF_025139665.1, ASM2513966v1, 1068
[305/320] Leisingera aquaemixtae, GCF_006740765.1, ASM674076v1, 1068
[306/320] Roseovarius azorensis, GCF_900109455.1, IMG-taxon2693429884annotatedassembly, 1083
[307/320] Pseudoruegeria lutimaris, GCF_900099935.1, IMG-taxon2622736598annotatedassembly, 1041
[308/320] Roseospirillum parvum, GCF_900100455.1, IMG-taxon2675903017annotatedassembly, 1074
[309/320] Pseudomonas deceptionensis, GCF_900106095.1, IMG-taxon2636416038annotatedassembly, 1107
[310/320] Hydrogenophaga crassostreae, GCF_001761385.1, ASM176138v1, 1116
[311/320] Azoarcus toluclasticus , GCF_000378245.1, ASM37824v1, 1035
[312/320] Azoarcus communis, GCF_003226565.1, ASM322656v1, 1035
[313/320] Achromobacter pulmonis, GCF_021733725.1, ASM2173372v1, 1065
[314/320] Paraburkholderia fungorum, GCF_000961515.1, ASM96151v1, 1077
[315/320] Shewanella pealeana, GCF_000018285.1, ASM1828v1, 1068
[316/320] Shewanella sediminis, GCF_000018025.1, ASM1802v1, 1062
[317/320] Janthinobacterium sp002127585, GCF_000723165.1, JAG1, 1104
[318/320] Bordetella pertussis, GCF_004008975.1, ASM400897v1, 1062
[319/320] Alcaligenes aquatilis, GCF_003076515.1, ASM307651v1, 1083
