Abso
<W> Could not find the RefSeq of Pseudorhizobium pelagicum------> Pseudorhizobium pelagicum

<W> Could not find the RefSeq of Ruegeria litorea---------------> Falsiruegeria litorea
<W> Could not find the RefSeq of Ruegeria pomeyori--------------> Ruegeria pomeroyi
<W> Could not find the RefSeq of Tritonibacter mobile-----------> Tritonibacter mobilis
									----------> Ruegeria mobilis
<W> Could not find the RefSeq of Aliiseovarius crassoterae------> Aliiroseovarius crassostreae
<W> Could not find the RefSeq of Ahrensia marina----------------> Ahrensia marina
<W> Could not find the RefSeq of Bermanella sp002683575---------> Bermanella GENUS
<W> Could not find the RefSeq of Zobellela maritima-------------> Zobellella maritima
<W> Could not find the RefSeq of Enterobacter himalayensis
<W> Could not find the RefSeq of Pseudomonas stutzeri-----------> Pseudomonas stutzeri GOM4
<W> Could not find the RefSeq of Balneatrix sp003194385---------> Balneatrix GENUS
<W> Could not find the RefSeq of Amylibacter sp900197625--------> Amylibacter GENUS
<W> Could not find the RefSeq of Anderseniella sp900149695
<W> Could not find the RefSeq of Janthinobacterium sp002127585--> Janthinobacterium GENUS
Finished!
Had 7 errors

Salipiger pacificus---------------------------------------------> Yangia pacifica
Ruegeria litorea------------------------------------------------> Falsiruegeria litorea
Halocynthiibacter arcticus--------------------------------------> Falsihalocynthiibacter arcticus
Labrenzia alba--------------------------------------------------> Roseibium album
Mesorhizobium oceanicum-----------------------------------------> Aquibium oceanicum
Bermanella sp002683575 -----------------------------------------> Bermanella sp. IAJ10 
Pseudomonas oceani----------------------------------------------> Halopseudomonas oceani 
Pseudomonas aestusnigri-----------------------------------------> Halopseudomonas aestusnigri 
